# Logfile created on 2013-12-29 09:53:27 -0700 by logger.rb/36483
I, [2013-12-29T09:53:27.476568 #2665]  INFO -- : 0:  i18n (0.6.9) from /Users/ianreay/.gem/ruby/2.0.0/specifications/i18n-0.6.9.gemspec
I, [2013-12-29T09:53:27.477741 #2665]  INFO -- : 0:  multi_json (1.8.2) from /Users/ianreay/.gem/ruby/2.0.0/specifications/multi_json-1.8.2.gemspec
I, [2013-12-29T09:53:34.174602 #2665]  INFO -- : 0:  activesupport (3.2.16) from /Library/Ruby/Gems/2.0.0/specifications/activesupport-3.2.16.gemspec
I, [2013-12-29T09:53:36.497847 #2665]  INFO -- : 0:  addressable (2.3.5) from /Library/Ruby/Gems/2.0.0/specifications/addressable-2.3.5.gemspec
I, [2013-12-29T09:53:38.173549 #2665]  INFO -- : 0:  builder (3.2.2) from /Library/Ruby/Gems/2.0.0/specifications/builder-3.2.2.gemspec
I, [2013-12-29T09:53:39.539140 #2665]  INFO -- : 0:  gyoku (1.1.0) from /Library/Ruby/Gems/2.0.0/specifications/gyoku-1.1.0.gemspec
I, [2013-12-29T09:53:40.961260 #2665]  INFO -- : 0:  mini_portile (0.5.2) from /Library/Ruby/Gems/2.0.0/specifications/mini_portile-0.5.2.gemspec
I, [2013-12-29T09:57:22.298497 #2665]  INFO -- : 0:  nokogiri (1.6.1) from /Library/Ruby/Gems/2.0.0/specifications/nokogiri-1.6.1.gemspec
I, [2013-12-29T09:57:25.152993 #2665]  INFO -- : 0:  akami (1.2.0) from /Library/Ruby/Gems/2.0.0/specifications/akami-1.2.0.gemspec
I, [2013-12-29T09:57:26.762291 #2665]  INFO -- : 0:  buff-ruby_engine (0.1.0) from /Library/Ruby/Gems/2.0.0/specifications/buff-ruby_engine-0.1.0.gemspec
I, [2013-12-29T09:57:28.220695 #2665]  INFO -- : 0:  buff-shell_out (0.1.1) from /Library/Ruby/Gems/2.0.0/specifications/buff-shell_out-0.1.1.gemspec
I, [2013-12-29T09:57:28.221228 #2665]  INFO -- : 0:  hashie (2.0.5) from /Library/Ruby/Gems/2.0.0/specifications/hashie-2.0.5.gemspec
I, [2013-12-29T09:57:29.591233 #2665]  INFO -- : 0:  chozo (0.6.1) from /Library/Ruby/Gems/2.0.0/specifications/chozo-0.6.1.gemspec
I, [2013-12-29T09:57:31.355940 #2665]  INFO -- : 0:  multipart-post (1.2.0) from /Library/Ruby/Gems/2.0.0/specifications/multipart-post-1.2.0.gemspec
I, [2013-12-29T09:57:33.280393 #2665]  INFO -- : 0:  faraday (0.8.8) from /Library/Ruby/Gems/2.0.0/specifications/faraday-0.8.8.gemspec
I, [2013-12-29T09:57:35.866904 #2665]  INFO -- : 0:  minitar (0.5.4) from /Library/Ruby/Gems/2.0.0/specifications/minitar-0.5.4.gemspec
I, [2013-12-29T09:57:38.015154 #2665]  INFO -- : 0:  rbzip2 (0.2.0) from /Library/Ruby/Gems/2.0.0/specifications/rbzip2-0.2.0.gemspec
I, [2013-12-29T09:57:39.496446 #2665]  INFO -- : 0:  retryable (1.3.3) from /Library/Ruby/Gems/2.0.0/specifications/retryable-1.3.3.gemspec
I, [2013-12-29T09:57:41.056950 #2665]  INFO -- : 0:  buff-extensions (0.5.0) from /Library/Ruby/Gems/2.0.0/specifications/buff-extensions-0.5.0.gemspec
I, [2013-12-29T09:57:42.467376 #2665]  INFO -- : 0:  varia_model (0.2.0) from /Library/Ruby/Gems/2.0.0/specifications/varia_model-0.2.0.gemspec
I, [2013-12-29T09:57:43.986541 #2665]  INFO -- : 0:  buff-config (0.4.0) from /Library/Ruby/Gems/2.0.0/specifications/buff-config-0.4.0.gemspec
I, [2013-12-29T09:57:45.442170 #2665]  INFO -- : 0:  buff-ignore (1.1.1) from /Library/Ruby/Gems/2.0.0/specifications/buff-ignore-1.1.1.gemspec
I, [2013-12-29T09:57:47.107591 #2665]  INFO -- : 0:  timers (1.1.0) from /Library/Ruby/Gems/2.0.0/specifications/timers-1.1.0.gemspec
I, [2013-12-29T09:57:48.770963 #2665]  INFO -- : 0:  celluloid (0.14.1) from /Library/Ruby/Gems/2.0.0/specifications/celluloid-0.14.1.gemspec
I, [2013-12-29T09:57:54.477293 #2665]  INFO -- : 0:  nio4r (0.5.0) from /Library/Ruby/Gems/2.0.0/specifications/nio4r-0.5.0.gemspec
I, [2013-12-29T09:57:55.967538 #2665]  INFO -- : 0:  celluloid-io (0.14.1) from /Library/Ruby/Gems/2.0.0/specifications/celluloid-io-0.14.1.gemspec
I, [2013-12-29T09:57:55.968112 #2665]  INFO -- : 0:  erubis (2.7.0) from /Users/ianreay/.gem/ruby/2.0.0/specifications/erubis-2.7.0.gemspec
I, [2013-12-29T09:58:00.473945 #2665]  INFO -- : 0:  json (1.8.1) from /Library/Ruby/Gems/2.0.0/specifications/json-1.8.1.gemspec
I, [2013-12-29T09:58:00.474682 #2665]  INFO -- : 0:  mixlib-log (1.6.0) from /Library/Ruby/Gems/2.0.0/specifications/mixlib-log-1.6.0.gemspec
I, [2013-12-29T09:58:00.475127 #2665]  INFO -- : 0:  mixlib-authentication (1.3.0) from /Library/Ruby/Gems/2.0.0/specifications/mixlib-authentication-1.3.0.gemspec
I, [2013-12-29T09:58:01.947360 #2665]  INFO -- : 0:  net-http-persistent (2.9) from /Library/Ruby/Gems/2.0.0/specifications/net-http-persistent-2.9.gemspec
I, [2013-12-29T09:58:01.947915 #2665]  INFO -- : 0:  net-ssh (2.7.0) from /Library/Ruby/Gems/2.0.0/specifications/net-ssh-2.7.0.gemspec
I, [2013-12-29T09:58:03.608763 #2665]  INFO -- : 0:  solve (0.8.2) from /Library/Ruby/Gems/2.0.0/specifications/solve-0.8.2.gemspec
I, [2013-12-29T09:58:22.093081 #2665]  INFO -- : 0:  ffi (1.9.3) from /Library/Ruby/Gems/2.0.0/specifications/ffi-1.9.3.gemspec
I, [2013-12-29T09:58:23.892928 #2665]  INFO -- : 0:  gssapi (1.0.3) from /Library/Ruby/Gems/2.0.0/specifications/gssapi-1.0.3.gemspec
I, [2013-12-29T09:58:26.273042 #2665]  INFO -- : 0:  httpclient (2.3.4.1) from /Library/Ruby/Gems/2.0.0/specifications/httpclient-2.3.4.1.gemspec
I, [2013-12-29T09:58:28.084718 #2665]  INFO -- : 0:  little-plugger (1.1.3) from /Library/Ruby/Gems/2.0.0/specifications/little-plugger-1.1.3.gemspec
I, [2013-12-29T09:58:30.885453 #2665]  INFO -- : 0:  logging (1.8.1) from /Library/Ruby/Gems/2.0.0/specifications/logging-1.8.1.gemspec
I, [2013-12-29T09:58:32.715267 #2665]  INFO -- : 0:  rubyntlm (0.1.1) from /Library/Ruby/Gems/2.0.0/specifications/rubyntlm-0.1.1.gemspec
I, [2013-12-29T09:58:32.715847 #2665]  INFO -- : 0:  rack (1.5.2) from /Users/ianreay/.gem/ruby/2.0.0/specifications/rack-1.5.2.gemspec
I, [2013-12-29T09:58:34.771511 #2665]  INFO -- : 0:  httpi (0.9.7) from /Library/Ruby/Gems/2.0.0/specifications/httpi-0.9.7.gemspec
I, [2013-12-29T09:58:37.215075 #2665]  INFO -- : 0:  nori (1.1.5) from /Library/Ruby/Gems/2.0.0/specifications/nori-1.1.5.gemspec
I, [2013-12-29T09:58:39.071234 #2665]  INFO -- : 0:  wasabi (1.0.0) from /Library/Ruby/Gems/2.0.0/specifications/wasabi-1.0.0.gemspec
I, [2013-12-29T09:58:41.001799 #2665]  INFO -- : 0:  savon (0.9.5) from /Library/Ruby/Gems/2.0.0/specifications/savon-0.9.5.gemspec
I, [2013-12-29T09:58:42.485222 #2665]  INFO -- : 0:  uuidtools (2.1.4) from /Library/Ruby/Gems/2.0.0/specifications/uuidtools-2.1.4.gemspec
I, [2013-12-29T09:58:43.976795 #2665]  INFO -- : 0:  winrm (1.1.3) from /Library/Ruby/Gems/2.0.0/specifications/winrm-1.1.3.gemspec
I, [2013-12-29T09:58:46.200267 #2665]  INFO -- : 0:  ridley (1.5.3) from /Library/Ruby/Gems/2.0.0/specifications/ridley-1.5.3.gemspec
I, [2013-12-29T09:58:46.200734 #2665]  INFO -- : 0:  thor (0.18.1) from /Users/ianreay/.gem/ruby/2.0.0/specifications/thor-0.18.1.gemspec
I, [2013-12-29T09:58:49.715666 #2665]  INFO -- : 0:  berkshelf (2.0.10) from /Library/Ruby/Gems/2.0.0/specifications/berkshelf-2.0.10.gemspec
I, [2013-12-29T09:58:49.716237 #2665]  INFO -- : 0:  bundler (1.5.1) from /Library/Ruby/Gems/2.0.0/specifications/bundler-1.5.1.gemspec
